<?xml version="1.0" encoding="UTF-8"?>
<testng-results skipped="0" failed="0" total="1" passed="1">
  <reporter-output>
  </reporter-output>
  <suite name="Default suite" duration-ms="7547" started-at="2015-02-20T07:09:48Z" finished-at="2015-02-20T07:09:55Z">
    <groups>
    </groups>
    <test name="Default test" duration-ms="7547" started-at="2015-02-20T07:09:48Z" finished-at="2015-02-20T07:09:55Z">
      <class name="com.google.page.test.LoginTest">
        <test-method status="PASS" signature="SetUp()[pri:0, instance:com.google.page.test.LoginTest@f3dbccf]" name="SetUp" is-config="true" duration-ms="3696" started-at="2015-02-20T12:39:48Z" finished-at="2015-02-20T12:39:51Z">
          <reporter-output>
          </reporter-output>
        </test-method> <!-- SetUp -->
        <test-method status="PASS" signature="loginTest()[pri:0, instance:com.google.page.test.LoginTest@f3dbccf]" name="loginTest" duration-ms="3833" started-at="2015-02-20T12:39:51Z" finished-at="2015-02-20T12:39:55Z">
          <reporter-output>
          </reporter-output>
        </test-method> <!-- loginTest -->
        <test-method status="PASS" signature="Setdown()[pri:0, instance:com.google.page.test.LoginTest@f3dbccf]" name="Setdown" is-config="true" duration-ms="6" started-at="2015-02-20T12:39:55Z" finished-at="2015-02-20T12:39:55Z">
          <reporter-output>
          </reporter-output>
        </test-method> <!-- Setdown -->
      </class> <!-- com.google.page.test.LoginTest -->
    </test> <!-- Default test -->
  </suite> <!-- Default suite -->
</testng-results>
